get req: "USER anonymous\r\n"
get req: "PASS anonymous\r\n"
get req: "CWD /Q1RGe3h4ZV9vb2JfdmlhX3Jzc30K\r\n"
get req: "TYPE I\r\n"
get req: "SIZE /Q1RGe3h4ZV9vb2JfdmlhX3Jzc30K\r\n"
get req: "MDTM /Q1RGe3h4ZV9vb2JfdmlhX3Jzc30K\r\n"
get req: "USER anonymous\r\n"
get req: "PASS anonymous\r\n"
get req: "TYPE I\r\n"
get req: "SIZE /Q1RGe3h4ZV9vb2JfdmlhX3Jzc30K\r\n"
get req: "EPSV\r\n"
get req: "PASV\r\n"
get req: "USER anonymous\r\n"
get req: "PASS anonymous\r\n"
get req: "CWD /Q1RGe3h4ZV9vb2JfdmlhX3Jzc30K\r\n"
get req: "TYPE I\r\n"
get req: "SIZE /Q1RGe3h4ZV9vb2JfdmlhX3Jzc30K\r\n"
get req: "MDTM /Q1RGe3h4ZV9vb2JfdmlhX3Jzc30K\r\n"
get req: "USER anonymous\r\n"
get req: "PASS anonymous\r\n"
get req: "TYPE I\r\n"
get req: "SIZE /Q1RGe3h4ZV9vb2JfdmlhX3Jzc30K\r\n"
get req: "EPSV\r\n"
get req: "PASV\r\n"
get req: "USER anonymous\r\n"
get req: "PASS anonymous\r\n"
get req: "CWD /Q1RGe3h4ZV92aWFfcnNzfQo=\r\n"
get req: "TYPE I\r\n"
get req: "SIZE /Q1RGe3h4ZV92aWFfcnNzfQo=\r\n"
get req: "MDTM /Q1RGe3h4ZV92aWFfcnNzfQo=\r\n"
get req: "USER anonymous\r\n"
get req: "PASS anonymous\r\n"
get req: "TYPE I\r\n"
get req: "SIZE /Q1RGe3h4ZV92aWFfcnNzfQo=\r\n"
get req: "EPSV\r\n"
get req: "PASV\r\n"
get req: "USER anonymous\r\n"
get req: "PASS anonymous\r\n"
get req: "CWD /Q1RGe3h4ZV92aWFfcnNzfQo=\r\n"
get req: "TYPE I\r\n"
get req: "SIZE /Q1RGe3h4ZV92aWFfcnNzfQo=\r\n"
get req: "MDTM /Q1RGe3h4ZV92aWFfcnNzfQo=\r\n"
get req: "USER anonymous\r\n"
get req: "PASS anonymous\r\n"
get req: "TYPE I\r\n"
get req: "SIZE /Q1RGe3h4ZV92aWFfcnNzfQo=\r\n"
get req: "EPSV\r\n"
get req: "PASV\r\n"
get req: "USER anonymous\r\n"
get req: "PASS anonymous\r\n"
get req: "CWD /Q1RGe3h4ZV92aWFfcnNzfQo=\r\n"
get req: "TYPE I\r\n"
get req: "SIZE /Q1RGe3h4ZV92aWFfcnNzfQo=\r\n"
get req: "MDTM /Q1RGe3h4ZV92aWFfcnNzfQo=\r\n"
get req: "USER anonymous\r\n"
get req: "PASS anonymous\r\n"
get req: "TYPE I\r\n"
get req: "SIZE /Q1RGe3h4ZV92aWFfcnNzfQo=\r\n"
get req: "EPSV\r\n"
get req: "PASV\r\n"
get req: "USER anonymous\r\n"
get req: "PASS anonymous\r\n"
get req: "CWD /Q1RGe3h4ZV92aWFfcnNzfQo=\r\n"
get req: "TYPE I\r\n"
get req: "SIZE /Q1RGe3h4ZV92aWFfcnNzfQo=\r\n"
get req: "MDTM /Q1RGe3h4ZV92aWFfcnNzfQo=\r\n"
get req: "USER anonymous\r\n"
get req: "PASS anonymous\r\n"
get req: "TYPE I\r\n"
get req: "SIZE /Q1RGe3h4ZV92aWFfcnNzfQo=\r\n"
get req: "EPSV\r\n"
get req: "PASV\r\n"
get req: "USER anonymous\r\n"
get req: "PASS anonymous\r\n"
get req: "CWD /Q1RGe3h4ZV92aWFfcnNzfQo=\r\n"
get req: "TYPE I\r\n"
get req: "SIZE /Q1RGe3h4ZV92aWFfcnNzfQo=\r\n"
get req: "MDTM /Q1RGe3h4ZV92aWFfcnNzfQo=\r\n"
get req: "USER anonymous\r\n"
get req: "PASS anonymous\r\n"
get req: "TYPE I\r\n"
get req: "SIZE /Q1RGe3h4ZV92aWFfcnNzfQo=\r\n"
get req: "EPSV\r\n"
get req: "PASV\r\n"
get req: "USER anonymous\r\n"
get req: "PASS anonymous\r\n"
get req: "CWD /Q1RGe3h4ZV92aWFfcnNzfQo=\r\n"
get req: "TYPE I\r\n"
get req: "SIZE /Q1RGe3h4ZV92aWFfcnNzfQo=\r\n"
get req: "MDTM /Q1RGe3h4ZV92aWFfcnNzfQo=\r\n"
get req: "USER anonymous\r\n"
get req: "PASS anonymous\r\n"
get req: "TYPE I\r\n"
get req: "SIZE /Q1RGe3h4ZV92aWFfcnNzfQo=\r\n"
get req: "EPSV\r\n"
get req: "PASV\r\n"
